    ======  ======
    Time:1/25/2023 10:45:18 AM
    Title: Initiate log
    Message: 
    Time:1/25/2023 10:45:18 AM
    Title: Initiate InternalManager
    Message: Trying to Validate License
    Time:1/25/2023 10:45:18 AM
    Title: Requesting EVT
    Message: EVTP
    Time:1/25/2023 10:45:18 AM
    Title: Requesting Validation
    Message: ILMValidate
    Time:1/25/2023 10:45:18 AM
    Title: LICENSER
    Message: READ REGS START
    Time:1/25/2023 10:45:18 AM
    Title: Requesting Validation
    Message: ILMValidate True
    Time:1/25/2023 10:45:18 AM
    Title: Requesting Validation
    Message: ILMValidate True NotTrial
